-------------------------------------------------------------------------------
Test set: com.ada.BookingSystem.controller.UserControllerTest
-------------------------------------------------------------------------------
Tests run: 3, Failures: 1, Errors: 1, Skipped: 0, Time elapsed: 0.618 s <<< FAILURE! -- in com.ada.BookingSystem.controller.UserControllerTest
com.ada.BookingSystem.controller.UserControllerTest.findById_UserNotExists -- Time elapsed: 0.534 s <<< FAILURE!
org.opentest4j.AssertionFailedError: expected: <404 NOT_FOUND> but was: <200 OK>
	at org.junit.jupiter.api.AssertionFailureBuilder.build(AssertionFailureBuilder.java:151)
	at org.junit.jupiter.api.AssertionFailureBuilder.buildAndThrow(AssertionFailureBuilder.java:132)
	at org.junit.jupiter.api.AssertEquals.failNotEqual(AssertEquals.java:197)
	at org.junit.jupiter.api.AssertEquals.assertEquals(AssertEquals.java:182)
	at org.junit.jupiter.api.AssertEquals.assertEquals(AssertEquals.java:177)
	at org.junit.jupiter.api.Assertions.assertEquals(Assertions.java:1145)
	at com.ada.BookingSystem.controller.UserControllerTest.findById_UserNotExists(UserControllerTest.java:53)
	at java.base/java.lang.reflect.Method.invoke(Method.java:580)
	at java.base/java.util.ArrayList.forEach(ArrayList.java:1596)
	at java.base/java.util.ArrayList.forEach(ArrayList.java:1596)

com.ada.BookingSystem.controller.UserControllerTest.createUser_NewUser -- Time elapsed: 0.049 s <<< ERROR!
org.mockito.exceptions.misusing.UnnecessaryStubbingException: 

Unnecessary stubbings detected.
Clean & maintainable test code requires zero unnecessary code.
Following stubbings are unnecessary (click to navigate to relevant line of code):
  1. -> at com.ada.BookingSystem.controller.UserControllerTest.createUser_NewUser(UserControllerTest.java:60)
  2. -> at com.ada.BookingSystem.controller.UserControllerTest.createUser_NewUser(UserControllerTest.java:61)
Please remove unnecessary stubbings or use 'lenient' strictness. More info: javadoc for UnnecessaryStubbingException class.
	at org.mockito.junit.jupiter.MockitoExtension.afterEach(MockitoExtension.java:192)
	at java.base/java.util.ArrayList.forEach(ArrayList.java:1596)
	at java.base/java.util.ArrayList.forEach(ArrayList.java:1596)

