<?xml version="1.0" encoding="UTF-8"?>
<testsuite xmlns:xsi="http://www.w3.org/2001/XMLSchema-instance" xsi:noNamespaceSchemaLocation="https://maven.apache.org/surefire/maven-surefire-plugin/xsd/surefire-test-report-3.0.xsd" version="3.0" name="com.ada.BookingSystem.BookingSystemApplicationTests" time="6.018" tests="1" errors="0" skipped="0" failures="0">
  <properties>
[...]
</properties>
  <testcase name="contextLoads" classname="com.ada.BookingSystem.BookingSystemApplicationTests" time="1.197">
    <system-out><![CDATA[23:19:48.527 [main] INFO org.springframework.test.context.support.AnnotationConfigContextLoaderUtils -- Could not detect default configuration classes for test class [com.ada.BookingSystem.BookingSystemApplicationTests]: BookingSystemApplicationTests does not declare any static, non-private, non-final, nested classes annotated with @Configuration.
23:19:48.717 [main] INFO org.springframework.boot.test.context.SpringBootTestContextBootstrapper -- Found @SpringBootConfiguration com.ada.BookingSystem.BookingSystemApplication for test class com.ada.BookingSystem.BookingSystemApplicationTests

  .   ____          _            __ _ _
 /\\ / ___'_ __ _ _(_)_ __  __ _ \ \ \ \
( ( )\___ | '_ | '_| | '_ \/ _` | \ \ \ \
 \\/  ___)| |_)| | | | | || (_| |  ) ) ) )
  '  |____| .__|_| |_|_| |_\__, | / / / /
 =========|_|==============|___/=/_/_/_/
 :: Spring Boot ::                (v3.2.5)

2024-05-15T23:19:49.374-06:00  INFO 19112 --- [BookingSystem] [           main] c.a.B.BookingSystemApplicationTests      : Starting BookingSystemApplicationTests using Java 21.0.2 with PID 19112 (started by mario in D:\Usuario\Mario\Cursos\Java\Spring Boot\Proyectos\BookingSystem)
2024-05-15T23:19:49.377-06:00  INFO 19112 --- [BookingSystem] [           main] c.a.B.BookingSystemApplicationTests      : No active profile set, falling back to 1 default profile: "default"
2024-05-15T23:19:50.217-06:00  INFO 19112 --- [BookingSystem] [           main] .s.d.r.c.RepositoryConfigurationDelegate : Bootstrapping Spring Data MongoDB repositories in DEFAULT mode.
2024-05-15T23:19:50.289-06:00  INFO 19112 --- [BookingSystem] [           main] .s.d.r.c.RepositoryConfigurationDelegate : Finished Spring Data repository scanning in 64 ms. Found 1 MongoDB repository interface.
2024-05-15T23:19:51.067-06:00  INFO 19112 --- [BookingSystem] [           main] org.mongodb.driver.client                : MongoClient with metadata {"application": {"name": "Cluster0"}, "driver": {"name": "mongo-java-driver|sync|spring-boot", "version": "4.11.2"}, "os": {"type": "Windows", "name": "Windows 11", "architecture": "amd64", "version": "10.0"}, "platform": "Java/Oracle Corporation/21.0.2+13-58"} created with settings MongoClientSettings{readPreference=primary, writeConcern=WriteConcern{w=majority, wTimeout=null ms, journal=null}, retryWrites=true, retryReads=true, readConcern=ReadConcern{level=null}, credential=MongoCredential{mechanism=null, userName='mariogonro', source='admin', password=<hidden>, mechanismProperties=<hidden>}, transportSettings=null, streamFactoryFactory=null, commandListeners=[], codecRegistry=ProvidersCodecRegistry{codecProviders=[ValueCodecProvider{}, BsonValueCodecProvider{}, DBRefCodecProvider{}, DBObjectCodecProvider{}, DocumentCodecProvider{}, CollectionCodecProvider{}, IterableCodecProvider{}, MapCodecProvider{}, GeoJsonCodecProvider{}, GridFSFileCodecProvider{}, Jsr310CodecProvider{}, JsonObjectCodecProvider{}, BsonCodecProvider{}, EnumCodecProvider{}, com.mongodb.client.model.mql.ExpressionCodecProvider@57a6a933, com.mongodb.Jep395RecordCodecProvider@5b5b59, com.mongodb.KotlinCodecProvider@1934ad7c]}, loggerSettings=LoggerSettings{maxDocumentLength=1000}, clusterSettings={hosts=[127.0.0.1:27017], srvHost=cluster0.rsn9tiw.mongodb.net, srvServiceName=mongodb, mode=MULTIPLE, requiredClusterType=REPLICA_SET, requiredReplicaSetName='atlas-ttr8cy-shard-0', serverSelector='null', clusterListeners='[]', serverSelectionTimeout='30000 ms', localThreshold='15 ms'}, socketSettings=SocketSettings{connectTimeoutMS=10000, readTimeoutMS=0, receiveBufferSize=0, proxySettings=ProxySettings{host=null, port=null, username=null, password=null}}, heartbeatSocketSettings=SocketSettings{connectTimeoutMS=10000, readTimeoutMS=10000, receiveBufferSize=0, proxySettings=ProxySettings{host=null, port=null, username=null, password=null}}, connectionPoolSettings=ConnectionPoolSettings{maxSize=100, minSize=0, maxWaitTimeMS=120000, maxConnectionLifeTimeMS=0, maxConnectionIdleTimeMS=0, maintenanceInitialDelayMS=0, maintenanceFrequencyMS=60000, connectionPoolListeners=[], maxConnecting=2}, serverSettings=ServerSettings{heartbeatFrequencyMS=10000, minHeartbeatFrequencyMS=500, serverListeners='[]', serverMonitorListeners='[]'}, sslSettings=SslSettings{enabled=true, invalidHostNameAllowed=false, context=null}, applicationName='Cluster0', compressorList=[], uuidRepresentation=JAVA_LEGACY, serverApi=null, autoEncryptionSettings=null, dnsClient=null, inetAddressResolver=null, contextProvider=null}
2024-05-15T23:19:51.110-06:00  INFO 19112 --- [BookingSystem] [tiw.mongodb.net] org.mongodb.driver.cluster               : Adding discovered server ac-f1d1km4-shard-00-02.rsn9tiw.mongodb.net:27017 to client view of cluster
2024-05-15T23:19:51.174-06:00  INFO 19112 --- [BookingSystem] [tiw.mongodb.net] org.mongodb.driver.cluster               : Adding discovered server ac-f1d1km4-shard-00-00.rsn9tiw.mongodb.net:27017 to client view of cluster
2024-05-15T23:19:51.178-06:00  INFO 19112 --- [BookingSystem] [tiw.mongodb.net] org.mongodb.driver.cluster               : Adding discovered server ac-f1d1km4-shard-00-01.rsn9tiw.mongodb.net:27017 to client view of cluster
2024-05-15T23:19:52.401-06:00  INFO 19112 --- [BookingSystem] [ngodb.net:27017] org.mongodb.driver.cluster               : Monitor thread successfully connected to server with description ServerDescription{address=ac-f1d1km4-shard-00-00.rsn9tiw.mongodb.net:27017, type=REPLICA_SET_SECONDARY, state=CONNECTED, ok=true, minWireVersion=0, maxWireVersion=21, maxDocumentSize=16777216, logicalSessionTimeoutMinutes=30, roundTripTimeNanos=601549900, setName='atlas-ttr8cy-shard-0', canonicalAddress=ac-f1d1km4-shard-00-00.rsn9tiw.mongodb.net:27017, hosts=[ac-f1d1km4-shard-00-02.rsn9tiw.mongodb.net:27017, ac-f1d1km4-shard-00-01.rsn9tiw.mongodb.net:27017, ac-f1d1km4-shard-00-00.rsn9tiw.mongodb.net:27017], passives=[], arbiters=[], primary='ac-f1d1km4-shard-00-01.rsn9tiw.mongodb.net:27017', tagSet=TagSet{[Tag{name='availabilityZone', value='use1-az2'}, Tag{name='diskState', value='READY'}, Tag{name='nodeType', value='ELECTABLE'}, Tag{name='provider', value='AWS'}, Tag{name='region', value='US_EAST_1'}, Tag{name='workloadType', value='OPERATIONAL'}]}, electionId=null, setVersion=55, topologyVersion=TopologyVersion{processId=663e54e1b8c1ac6c4df2d2b2, counter=4}, lastWriteDate=Wed May 15 23:19:52 GMT-06:00 2024, lastUpdateTimeNanos=97696141091300}
2024-05-15T23:19:52.402-06:00  INFO 19112 --- [BookingSystem] [ngodb.net:27017] org.mongodb.driver.cluster               : Monitor thread successfully connected to server with description ServerDescription{address=ac-f1d1km4-shard-00-01.rsn9tiw.mongodb.net:27017, type=REPLICA_SET_PRIMARY, state=CONNECTED, ok=true, minWireVersion=0, maxWireVersion=21, maxDocumentSize=16777216, logicalSessionTimeoutMinutes=30, roundTripTimeNanos=606516800, setName='atlas-ttr8cy-shard-0', canonicalAddress=ac-f1d1km4-shard-00-01.rsn9tiw.mongodb.net:27017, hosts=[ac-f1d1km4-shard-00-02.rsn9tiw.mongodb.net:27017, ac-f1d1km4-shard-00-01.rsn9tiw.mongodb.net:27017, ac-f1d1km4-shard-00-00.rsn9tiw.mongodb.net:27017], passives=[], arbiters=[], primary='ac-f1d1km4-shard-00-01.rsn9tiw.mongodb.net:27017', tagSet=TagSet{[Tag{name='availabilityZone', value='use1-az4'}, Tag{name='diskState', value='READY'}, Tag{name='nodeType', value='ELECTABLE'}, Tag{name='provider', value='AWS'}, Tag{name='region', value='US_EAST_1'}, Tag{name='workloadType', value='OPERATIONAL'}]}, electionId=7fffffff0000000000000143, setVersion=55, topologyVersion=TopologyVersion{processId=663e5639334cf270674c7e6a, counter=6}, lastWriteDate=Wed May 15 23:19:52 GMT-06:00 2024, lastUpdateTimeNanos=97696141091400}
2024-05-15T23:19:52.402-06:00  INFO 19112 --- [BookingSystem] [ngodb.net:27017] org.mongodb.driver.cluster               : Monitor thread successfully connected to server with description ServerDescription{address=ac-f1d1km4-shard-00-02.rsn9tiw.mongodb.net:27017, type=REPLICA_SET_SECONDARY, state=CONNECTED, ok=true, minWireVersion=0, maxWireVersion=21, maxDocumentSize=16777216, logicalSessionTimeoutMinutes=30, roundTripTimeNanos=601539500, setName='atlas-ttr8cy-shard-0', canonicalAddress=ac-f1d1km4-shard-00-02.rsn9tiw.mongodb.net:27017, hosts=[ac-f1d1km4-shard-00-02.rsn9tiw.mongodb.net:27017, ac-f1d1km4-shard-00-01.rsn9tiw.mongodb.net:27017, ac-f1d1km4-shard-00-00.rsn9tiw.mongodb.net:27017], passives=[], arbiters=[], primary='ac-f1d1km4-shard-00-01.rsn9tiw.mongodb.net:27017', tagSet=TagSet{[Tag{name='availabilityZone', value='use1-az6'}, Tag{name='diskState', value='READY'}, Tag{name='nodeType', value='ELECTABLE'}, Tag{name='provider', value='AWS'}, Tag{name='region', value='US_EAST_1'}, Tag{name='workloadType', value='OPERATIONAL'}]}, electionId=null, setVersion=55, topologyVersion=TopologyVersion{processId=663e58bbfd06c0517f2bc6c0, counter=3}, lastWriteDate=Wed May 15 23:19:52 GMT-06:00 2024, lastUpdateTimeNanos=97696141091400}
2024-05-15T23:19:52.408-06:00  INFO 19112 --- [BookingSystem] [ngodb.net:27017] org.mongodb.driver.cluster               : Discovered replica set primary ac-f1d1km4-shard-00-01.rsn9tiw.mongodb.net:27017 with max election id 7fffffff0000000000000143 and max set version 55
2024-05-15T23:19:52.618-06:00  WARN 19112 --- [BookingSystem] [           main] .s.s.UserDetailsServiceAutoConfiguration : 

Using generated security password: 5af87349-172b-4fab-8018-7966c63967bd

This generated password is for development use only. Your security configuration must be updated before running your application in production.

2024-05-15T23:19:52.921-06:00  INFO 19112 --- [BookingSystem] [           main] o.s.s.web.DefaultSecurityFilterChain     : Will secure any request with [org.springframework.security.web.session.DisableEncodeUrlFilter@41582899, org.springframework.security.web.context.request.async.WebAsyncManagerIntegrationFilter@595814a1, org.springframework.security.web.context.SecurityContextHolderFilter@4ad896f7, org.springframework.security.web.header.HeaderWriterFilter@3e8b8f0, org.springframework.web.filter.CorsFilter@7de5871d, org.springframework.security.web.csrf.CsrfFilter@33ebe4f0, org.springframework.security.web.authentication.logout.LogoutFilter@bd273b2, org.springframework.security.web.authentication.UsernamePasswordAuthenticationFilter@34549979, org.springframework.security.web.authentication.ui.DefaultLoginPageGeneratingFilter@3866c96e, org.springframework.security.web.authentication.ui.DefaultLogoutPageGeneratingFilter@49d42faf, org.springframework.security.web.authentication.www.BasicAuthenticationFilter@56b9d43f, org.springframework.security.web.savedrequest.RequestCacheAwareFilter@7d61468c, org.springframework.security.web.servletapi.SecurityContextHolderAwareRequestFilter@45796b2a, org.springframework.security.web.authentication.AnonymousAuthenticationFilter@4948daec, org.springframework.security.web.access.ExceptionTranslationFilter@59933644, org.springframework.security.web.access.intercept.AuthorizationFilter@78545d40]
2024-05-15T23:19:52.991-06:00  INFO 19112 --- [BookingSystem] [           main] c.a.B.BookingSystemApplicationTests      : Started BookingSystemApplicationTests in 4.008 seconds (process running for 6.05)
]]></system-out>
    <system-err><![CDATA[WARNING: A Java agent has been loaded dynamically (C:\Users\mario\.m2\repository\net\bytebuddy\byte-buddy-agent\1.14.13\byte-buddy-agent-1.14.13.jar)
WARNING: If a serviceability tool is in use, please run with -XX:+EnableDynamicAgentLoading to hide this warning
WARNING: If a serviceability tool is not in use, please run with -Djdk.instrument.traceUsage for more information
WARNING: Dynamic loading of agents will be disallowed by default in a future release
]]></system-err>
  </testcase>
</testsuite>